# JRE version: OpenJDK Runtime Environment Temurin-17.0.6+10 (17.0.6+10) (build 17.0.6+10)
# Java VM: OpenJDK 64-Bit Server VM Temurin-17.0.6+10 (17.0.6+10, mixed mode, tiered, compressed oops, compressed class ptrs, g1 gc, windows-amd64)
GC Precious Log:
 CPUs: 32 total, 32 available
 Memory: 32690M
 Large Page Support: Disabled
 NUMA Support: Disabled
 Compressed Oops: Enabled (Zero based)
 Heap Region Size: 4M
 Heap Min Capacity: 8M
 Heap Initial Capacity: 512M
 Heap Max Capacity: 8176M
 Pre-touch: Disabled
 Parallel Workers: 23
 Concurrent Workers: 6
 Concurrent Refinement Workers: 23
 Periodic GC: Disabled
Heap:
 garbage-first heap   total 81920K, used 26629K [0x0000000601000000, 0x0000000800000000)
  region size 4096K, 3 young (12288K), 2 survivors (8192K)
 Metaspace       used 66092K, committed 66624K, reserved 1114112K
  class space    used 8742K, committed 8960K, reserved 1048576K
GC Heap History (20 events):
Event: 1.927 GC heap before
{Heap before GC invocations=5 (full 0):
 garbage-first heap   total 57344K, used 16548K [0x0000000601000000, 0x0000000800000000)
  region size 4096K, 2 young (8192K), 1 survivors (4096K)
 Metaspace       used 25149K, committed 25408K, reserved 1073152K
  class space    used 2903K, committed 3008K, reserved 1048576K
}
Event: 1.931 GC heap after
{Heap after GC invocations=6 (full 0):
 garbage-first heap   total 57344K, used 12312K [0x0000000601000000, 0x0000000800000000)
  region size 4096K, 1 young (4096K), 1 survivors (4096K)
 Metaspace       used 25149K, committed 25408K, reserved 1073152K
  class space    used 2903K, committed 3008K, reserved 1048576K
}
Event: 2.275 GC heap before
{Heap before GC invocations=6 (full 0):
 garbage-first heap   total 57344K, used 32792K [0x0000000601000000, 0x0000000800000000)
  region size 4096K, 6 young (24576K), 1 survivors (4096K)
 Metaspace       used 28156K, committed 28416K, reserved 1081344K
  class space    used 3305K, committed 3392K, reserved 1048576K
}
Event: 2.278 GC heap after
{Heap after GC invocations=7 (full 0):
 garbage-first heap   total 57344K, used 13568K [0x0000000601000000, 0x0000000800000000)
  region size 4096K, 1 young (4096K), 1 survivors (4096K)
 Metaspace       used 28156K, committed 28416K, reserved 1081344K
  class space    used 3305K, committed 3392K, reserved 1048576K
}
Event: 2.753 GC heap before
{Heap before GC invocations=7 (full 0):
 garbage-first heap   total 57344K, used 34048K [0x0000000601000000, 0x0000000800000000)
  region size 4096K, 6 young (24576K), 1 survivors (4096K)
 Metaspace       used 32111K, committed 32448K, reserved 1081344K
  class space    used 3898K, committed 4096K, reserved 1048576K
}
Event: 2.759 GC heap after
{Heap after GC invocations=8 (full 0):
 garbage-first heap   total 57344K, used 15737K [0x0000000601000000, 0x0000000800000000)
  region size 4096K, 1 young (4096K), 1 survivors (4096K)
 Metaspace       used 32111K, committed 32448K, reserved 1081344K
  class space    used 3898K, committed 4096K, reserved 1048576K
}
Event: 3.180 GC heap before
{Heap before GC invocations=8 (full 0):
 garbage-first heap   total 57344K, used 28025K [0x0000000601000000, 0x0000000800000000)
  region size 4096K, 5 young (20480K), 1 survivors (4096K)
 Metaspace       used 35797K, committed 36160K, reserved 1081344K
  class space    used 4335K, committed 4544K, reserved 1048576K
}
Event: 3.192 GC heap after
{Heap after GC invocations=9 (full 0):
 garbage-first heap   total 290816K, used 17565K [0x0000000601000000, 0x0000000800000000)
  region size 4096K, 1 young (4096K), 1 survivors (4096K)
 Metaspace       used 35797K, committed 36160K, reserved 1081344K
  class space    used 4335K, committed 4544K, reserved 1048576K
}
Event: 4.219 GC heap before
{Heap before GC invocations=10 (full 0):
 garbage-first heap   total 81920K, used 62621K [0x0000000601000000, 0x0000000800000000)
  region size 4096K, 12 young (49152K), 1 survivors (4096K)
 Metaspace       used 46844K, committed 47232K, reserved 1097728K
  class space    used 5890K, committed 6080K, reserved 1048576K
}
Event: 4.222 GC heap after
{Heap after GC invocations=11 (full 0):
 garbage-first heap   total 81920K, used 19674K [0x0000000601000000, 0x0000000800000000)
  region size 4096K, 1 young (4096K), 1 survivors (4096K)
 Metaspace       used 46844K, committed 47232K, reserved 1097728K
  class space    used 5890K, committed 6080K, reserved 1048576K
}
Event: 4.292 GC heap before
{Heap before GC invocations=11 (full 0):
 garbage-first heap   total 81920K, used 23770K [0x0000000601000000, 0x0000000800000000)
  region size 4096K, 2 young (8192K), 1 survivors (4096K)
 Metaspace       used 47711K, committed 48192K, reserved 1097728K
  class space    used 6001K, committed 6208K, reserved 1048576K
}
Event: 4.297 GC heap after
{Heap after GC invocations=12 (full 0):
 garbage-first heap   total 81920K, used 20308K [0x0000000601000000, 0x0000000800000000)
  region size 4096K, 1 young (4096K), 1 survivors (4096K)
 Metaspace       used 47711K, committed 48192K, reserved 1097728K
  class space    used 6001K, committed 6208K, reserved 1048576K
}
Event: 5.112 GC heap before
{Heap before GC invocations=12 (full 0):
 garbage-first heap   total 81920K, used 57172K [0x0000000601000000, 0x0000000800000000)
  region size 4096K, 10 young (40960K), 1 survivors (4096K)
 Metaspace       used 56809K, committed 57280K, reserved 1105920K
  class space    used 7399K, committed 7616K, reserved 1048576K
}
Event: 5.116 GC heap after
{Heap after GC invocations=13 (full 0):
 garbage-first heap   total 81920K, used 21840K [0x0000000601000000, 0x0000000800000000)
  region size 4096K, 1 young (4096K), 1 survivors (4096K)
 Metaspace       used 56809K, committed 57280K, reserved 1105920K
  class space    used 7399K, committed 7616K, reserved 1048576K
}
Event: 5.451 GC heap before
{Heap before GC invocations=13 (full 0):
 garbage-first heap   total 81920K, used 34128K [0x0000000601000000, 0x0000000800000000)
  region size 4096K, 5 young (20480K), 1 survivors (4096K)
 Metaspace       used 60004K, committed 60416K, reserved 1105920K
  class space    used 7843K, committed 8064K, reserved 1048576K
}
Event: 5.454 GC heap after
{Heap after GC invocations=14 (full 0):
 garbage-first heap   total 81920K, used 23066K [0x0000000601000000, 0x0000000800000000)
  region size 4096K, 1 young (4096K), 1 survivors (4096K)
 Metaspace       used 60004K, committed 60416K, reserved 1105920K
  class space    used 7843K, committed 8064K, reserved 1048576K
}
Event: 5.946 GC heap before
{Heap before GC invocations=15 (full 0):
 garbage-first heap   total 81920K, used 59930K [0x0000000601000000, 0x0000000800000000)
  region size 4096K, 10 young (40960K), 1 survivors (4096K)
 Metaspace       used 63487K, committed 64000K, reserved 1105920K
  class space    used 8394K, committed 8640K, reserved 1048576K
}
Event: 5.953 GC heap after
{Heap after GC invocations=16 (full 0):
 garbage-first heap   total 81920K, used 24646K [0x0000000601000000, 0x0000000800000000)
  region size 4096K, 2 young (8192K), 2 survivors (8192K)
 Metaspace       used 63487K, committed 64000K, reserved 1105920K
  class space    used 8394K, committed 8640K, reserved 1048576K
}
Event: 6.622 GC heap before
{Heap before GC invocations=16 (full 0):
 garbage-first heap   total 81920K, used 61510K [0x0000000601000000, 0x0000000800000000)
  region size 4096K, 11 young (45056K), 2 survivors (8192K)
 Metaspace       used 65896K, committed 66432K, reserved 1114112K
  class space    used 8724K, committed 8960K, reserved 1048576K
}
Event: 6.628 GC heap after
{Heap after GC invocations=17 (full 0):
 garbage-first heap   total 81920K, used 26629K [0x0000000601000000, 0x0000000800000000)
  region size 4096K, 2 young (8192K), 2 survivors (8192K)
 Metaspace       used 65896K, committed 66432K, reserved 1114112K
  class space    used 8724K, committed 8960K, reserved 1048576K
}

